<?xml version="1.0" encoding="UTF-8"?>
<testng-results ignored="0" total="1" passed="1" failed="0" skipped="0">
  <reporter-output>
  </reporter-output>
  <suite started-at="2022-07-31T02:26:40 PDT" name="BDD Test Suite" finished-at="2022-07-31T02:27:38 PDT" duration-ms="58643">
    <groups>
      <group name="cucumber">
        <method signature="TestRunner.feature(cucumber.api.testng.CucumberFeatureWrapper)[pri:0, instance:MyRunner.TestRunner@25084a1e]" name="feature" class="MyRunner.TestRunner"/>
      </group> <!-- cucumber -->
    </groups>
    <test started-at="2022-07-31T02:26:40 PDT" name="ANZ Test" finished-at="2022-07-31T02:27:38 PDT" duration-ms="58643">
      <class name="MyRunner.TestRunner">
        <test-method is-config="true" signature="setUpClass()[pri:0, instance:MyRunner.TestRunner@25084a1e]" started-at="2022-07-31T02:26:40 PDT" name="setUpClass" finished-at="2022-07-31T02:26:40 PDT" duration-ms="586" status="PASS">
          <reporter-output>
          </reporter-output>
        </test-method> <!-- setUpClass -->
        <test-method signature="feature(cucumber.api.testng.CucumberFeatureWrapper)[pri:0, instance:MyRunner.TestRunner@25084a1e]" started-at="2022-07-31T02:26:40 PDT" name="feature" description="Runs Cucumber Feature" data-provider="features" finished-at="2022-07-31T02:27:38 PDT" duration-ms="57703" status="PASS">
          <params>
            <param index="0">
              <value>
                <![CDATA[A Borrowing Calculator Feature]]>
              </value>
            </param>
          </params>
          <reporter-output>
          </reporter-output>
        </test-method> <!-- feature -->
        <test-method is-config="true" signature="tearDownClass()[pri:0, instance:MyRunner.TestRunner@25084a1e]" started-at="2022-07-31T02:27:38 PDT" name="tearDownClass" finished-at="2022-07-31T02:27:38 PDT" duration-ms="69" status="PASS">
          <reporter-output>
          </reporter-output>
        </test-method> <!-- tearDownClass -->
      </class> <!-- MyRunner.TestRunner -->
    </test> <!-- ANZ Test -->
  </suite> <!-- BDD Test Suite -->
</testng-results>
